<?xml version="1.0" encoding="UTF-8"?>
<beans xmlns="http://www.springframework.org/schema/beans"
	xmlns:xsi="http://www.w3.org/2001/XMLSchema-instance"
	xmlns:jdbc="http://www.springframework.org/schema/jdbc"
	xsi:schemaLocation="http://www.springframework.org/schema/beans http://www.springframework.org/schema/beans/spring-beans-3.1.xsd
		http://www.springframework.org/schema/jdbc http://www.springframework.org/schema/jdbc/spring-jdbc-3.1.xsd">

	<bean id="dataSource" class="org.apache.commons.dbcp.BasicDataSource">
		<property name="username" value="${testDb.jdbc.user}" />
		<property name="password" value="${testDb.jdbc.password}" />
		<property name="driverClassName" value="${testDb.jdbc.driver}" />
		<property name="url" value="${testDb.jdbc.url}" />
	</bean>

	<jdbc:initialize-database data-source="dataSource" >
		<jdbc:script location="${testDb.resetSchema.script}" />
		<jdbc:script location="${testDb.schema.script}" />
		<jdbc:script location="${testDb.data.script}" />
	</jdbc:initialize-database>
	
	<bean id="transactionManager" class="org.springframework.jdbc.datasource.DataSourceTransactionManager">
		<property name="dataSource" ref="dataSource" />
	</bean>

</beans>
