<?xml version="1.0" encoding="UTF-8"?>
<!-- Generated by org.testng.reporters.JUnitReportReporter -->
<testsuite hostname="dyn-079-062.einstein.wireless.yu.edu" name="edu.yu.einstein.wasp.integration.SeleniumWaspTest" tests="2" failures="0" timestamp="4 Nov 2011 13:39:10 GMT" time="8.600" errors="0">
  <testcase name="testWaspLogin" time="8.334" classname="edu.yu.einstein.wasp.integration.SeleniumWaspTest"/>
  <testcase name="testWaspLogin" time="0.266" classname="edu.yu.einstein.wasp.integration.SeleniumWaspTest"/>
</testsuite>
